mode: set
github.com/boriphuth/Golang-Workshop/todo/main.go:11.13,13.40 2 0
github.com/boriphuth/Golang-Workshop/todo/main.go:16.2,16.45 1 0
github.com/boriphuth/Golang-Workshop/todo/main.go:25.5,25.48 1 0
github.com/boriphuth/Golang-Workshop/todo/main.go:29.2,29.34 1 0
github.com/boriphuth/Golang-Workshop/todo/main.go:13.40,15.3 1 0
github.com/boriphuth/Golang-Workshop/todo/main.go:16.45,19.19 3 0
github.com/boriphuth/Golang-Workshop/todo/main.go:22.3,23.36 2 0
github.com/boriphuth/Golang-Workshop/todo/main.go:19.19,21.4 1 0
github.com/boriphuth/Golang-Workshop/todo/main.go:25.48,28.3 2 0
github.com/boriphuth/Golang-Workshop/todo/main.go:36.24,38.2 1 1
github.com/boriphuth/Golang-Workshop/todo/main.go:40.23,42.2 1 1
